\BOOKMARK [0][-]{chapter.1}{\376\377\000M\000e\000a\000n\000-\000f\000i\000e\000l\000d\000\040\000t\000h\000e\000o\000r\000y\000\040\000d\000i\000s\000c\000u\000s\000s\000i\000o\000n\000\040\000o\000f\000\040\000t\000h\000e\000\040\000E\000H\000M}{}% 1
\BOOKMARK [1][-]{section.1.1}{\376\377\000E\000x\000t\000e\000n\000d\000e\000d\000\040\000H\000u\000b\000b\000a\000r\000d\000\040\000m\000o\000d\000e\000l\000\040\000s\000y\000m\000m\000e\000t\000r\000i\000e\000s\000\040\000a\000n\000d\000\040\000W\000i\000c\000k\000'\000s\000\040\000t\000h\000e\000o\000r\000e\000m}{chapter.1}% 2
\BOOKMARK [2][-]{subsection.1.1.1}{\376\377\000S\000p\000a\000t\000i\000a\000l\000\040\000a\000n\000d\000\040\000t\000o\000p\000o\000l\000o\000g\000i\000c\000a\000l\000\040\000s\000y\000m\000m\000e\000t\000r\000i\000e\000s}{section.1.1}% 3
\BOOKMARK [2][-]{subsection.1.1.2}{\376\377\000S\000p\000i\000n\000\040\000a\000n\000d\000\040\000c\000h\000a\000r\000g\000e\000\040\000s\000y\000m\000m\000e\000t\000r\000i\000e\000s}{section.1.1}% 4
\BOOKMARK [2][-]{subsection.1.1.3}{\376\377\000P\000a\000r\000t\000i\000c\000l\000e\000-\000h\000o\000l\000e\000\040\000s\000y\000m\000m\000e\000t\000r\000y\000\040\000a\000t\000\040\000h\000a\000l\000f\000-\000f\000i\000l\000l\000i\000n\000g}{section.1.1}% 5
\BOOKMARK [1][-]{section.1.2}{\376\377\000M\000F\000T\000\040\000o\000n\000\040\000H\000u\000b\000b\000a\000r\000d\000\040\000l\000a\000t\000t\000i\000c\000e\000s}{chapter.1}% 6
\BOOKMARK [2][-]{subsection.1.2.1}{\376\377\000M\000F\000T\000\040\000g\000e\000n\000e\000r\000a\000l\000\040\000p\000r\000o\000c\000e\000d\000u\000r\000e\000,\000\040\000s\000e\000l\000f\000-\000c\000o\000n\000s\000i\000s\000t\000e\000n\000c\000y\000\040\000a\000n\000d\000\040\000W\000i\000c\000k\000'\000s\000\040\000t\000h\000e\000o\000r\000e\000m}{section.1.2}% 7
\BOOKMARK [2][-]{subsection.1.2.2}{\376\377\000M\000F\000T\000\040\000t\000r\000e\000a\000t\000m\000e\000n\000t\000\040\000o\000f\000\040\000t\000h\000e\000\040\000p\000u\000r\000e\000\040\000H\000u\000b\000b\000a\000r\000d\000\040\000m\000o\000d\000e\000l}{section.1.2}% 8
\BOOKMARK [1][-]{section.1.3}{\376\377\000T\000h\000e\000\040\000n\000o\000n\000-\000l\000o\000c\000a\000l\000\040\000a\000t\000t\000r\000a\000c\000t\000i\000o\000n\000\040\000V\000\040\000a\000s\000\040\000a\000\040\000s\000o\000u\000r\000c\000e\000\040\000o\000f\000\040\000s\000y\000m\000m\000e\000t\000r\000y\000-\000b\000r\000e\000a\000k\000i\000n\000g\000\040\000i\000n\000t\000e\000r\000a\000c\000t\000i\000o\000n\000s}{chapter.1}% 9
\BOOKMARK [2][-]{subsection.1.3.1}{\376\377\000R\000e\000a\000l\000\040\000s\000p\000a\000c\000e\000\040\000d\000e\000s\000c\000r\000i\000p\000t\000i\000o\000n}{section.1.3}% 10
\BOOKMARK [2][-]{subsection.1.3.2}{\376\377\000F\000o\000u\000r\000i\000e\000r\000\040\000t\000r\000a\000n\000s\000f\000o\000r\000m\000\040\000o\000f\000\040\000t\000h\000e\000\040\000m\000o\000d\000e\000l}{section.1.3}% 11
\BOOKMARK [1][-]{section.1.4}{\376\377\000G\000e\000n\000e\000r\000a\000l\000\040\000a\000p\000p\000r\000o\000a\000c\000h\000\040\000M\000F\000T\000\040\000t\000h\000r\000o\000u\000g\000h\000\040\000i\000t\000e\000r\000a\000t\000i\000v\000e\000\040\000H\000a\000r\000t\000r\000e\000e\000-\000F\000o\000c\000k\000\040\000a\000l\000g\000o\000r\000i\000t\000h\000m\000s}{chapter.1}% 12
\BOOKMARK [2][-]{subsection.1.4.1}{\376\377\000S\000k\000e\000t\000c\000h\000\040\000o\000f\000\040\000t\000h\000e\000\040\000H\000a\000r\000t\000r\000e\000e\000-\000F\000o\000c\000k\000\040\000i\000t\000e\000r\000a\000t\000i\000v\000e\000\040\000a\000l\000g\000o\000r\000i\000t\000h\000m}{section.1.4}% 13
\BOOKMARK [2][-]{subsection.1.4.2}{\376\377\000S\000e\000l\000f\000-\000c\000o\000n\000s\000i\000s\000t\000e\000n\000c\000y\000\040\000a\000n\000d\000\040\000R\000M\000P\000s}{section.1.4}% 14
\BOOKMARK [2][-]{subsection.1.4.3}{\376\377\000F\000i\000x\000e\000d\000\040\000d\000e\000n\000s\000i\000t\000y\000\040\000s\000i\000m\000u\000l\000a\000t\000i\000o\000n\000s\000\040\000a\000n\000d\000\040\000t\000h\000e\000\040\000r\000o\000l\000e\000\040\000o\000f\000\040}{section.1.4}% 15
\BOOKMARK [1][-]{section.1.5}{\376\377\000S\000q\000u\000a\000r\000e\000\040\000l\000a\000t\000t\000i\000c\000e\000\040\000s\000p\000a\000t\000i\000a\000l\000\040\000s\000y\000m\000m\000e\000t\000r\000y\000\040\000c\000h\000a\000n\000n\000e\000l\000s}{chapter.1}% 16
\BOOKMARK [0][-]{chapter.2}{\376\377\000T\000h\000e\000\040\000n\000o\000r\000m\000a\000l\000\040\000p\000h\000a\000s\000e}{}% 17
\BOOKMARK [1][-]{section.2.1}{\376\377\000T\000h\000e\000\040\000`\000`\000n\000o\000r\000m\000a\000l\000'\000'\000\040\000p\000h\000a\000s\000e\000\040\000a\000n\000d\000\040\000i\000t\000s\000\040\000s\000y\000m\000m\000e\000t\000r\000i\000e\000s}{chapter.2}% 18
\BOOKMARK [1][-]{section.2.2}{\376\377\000H\000a\000r\000t\000r\000e\000e\000\040\000e\000f\000f\000e\000c\000t\000s\000:\000\040\000c\000h\000e\000m\000i\000c\000a\000l\000\040\000p\000o\000t\000e\000n\000t\000i\000a\000l\000\040\000r\000e\000n\000o\000r\000m\000a\000l\000i\000z\000a\000t\000i\000o\000n}{chapter.2}% 19
\BOOKMARK [2][-]{subsection.2.2.1}{\376\377\000H\000a\000r\000t\000r\000e\000e\000\040\000c\000h\000a\000n\000n\000e\000l\000\040\000i\000n\000\040\000t\000h\000e\000\040\000n\000o\000r\000m\000a\000l\000\040\000p\000h\000a\000s\000e\000:\000\040\000a\000n\000a\000l\000y\000t\000i\000c\000\040\000d\000e\000r\000i\000v\000a\000t\000i\000o\000n}{section.2.2}% 20
\BOOKMARK [2][-]{subsection.2.2.2}{\376\377\000H\000a\000r\000t\000r\000e\000e\000\040\000c\000o\000n\000t\000r\000a\000c\000t\000i\000o\000n\000\040\000e\000n\000e\000r\000g\000y}{section.2.2}% 21
\BOOKMARK [1][-]{section.2.3}{\376\377\000F\000o\000c\000k\000\040\000e\000f\000f\000e\000c\000t\000s\000:\000\040\000b\000a\000r\000e\000\040\000b\000a\000n\000d\000s\000\040\000r\000e\000n\000o\000r\000m\000a\000l\000i\000z\000a\000t\000i\000o\000n}{chapter.2}% 22
\BOOKMARK [2][-]{subsection.2.3.1}{\376\377\000F\000o\000c\000k\000\040\000c\000h\000a\000n\000n\000e\000l\000\040\000i\000n\000\040\000t\000h\000e\000\040\000n\000o\000r\000m\000a\000l\000\040\000p\000h\000a\000s\000e\000:\000\040\000a\000n\000a\000l\000y\000t\000i\000c\000\040\000d\000e\000r\000i\000v\000a\000t\000i\000o\000n}{section.2.3}% 23
\BOOKMARK [2][-]{subsection.2.3.2}{\376\377\000F\000o\000c\000k\000\040\000c\000o\000n\000t\000r\000a\000c\000t\000i\000o\000n\000\040\000e\000n\000e\000r\000g\000y}{section.2.3}% 24
\BOOKMARK [2][-]{subsection.2.3.3}{\376\377\000E\000x\000t\000e\000n\000d\000i\000n\000g\000\040\000h\000o\000p\000p\000i\000n\000g\000\040\000t\000o\000\040\000d\000-\000w\000a\000v\000e\000\040\000b\000a\000n\000d\000s}{section.2.3}% 25
\BOOKMARK [1][-]{section.2.4}{\376\377\000N\000o\000r\000m\000a\000l\000\040\000f\000r\000e\000e\000\040\000e\000n\000e\000r\000g\000y\000\040\000d\000e\000n\000s\000i\000t\000y}{chapter.2}% 26
\BOOKMARK [1][-]{section.2.5}{\376\377\000N\000u\000m\000e\000r\000i\000c\000a\000l\000\040\000s\000i\000m\000u\000l\000a\000t\000i\000o\000n\000s}{chapter.2}% 27
\BOOKMARK [2][-]{subsection.2.5.1}{\376\377\000H\000F\000\040\000i\000t\000e\000r\000a\000t\000i\000v\000e\000\040\000a\000l\000g\000o\000r\000i\000t\000h\000m\000\040\000s\000k\000e\000t\000c\000h}{section.2.5}% 28
\BOOKMARK [0][-]{chapter.3}{\376\377\000A\000n\000t\000i\000f\000e\000r\000r\000o\000m\000a\000g\000n\000e\000t\000i\000c\000\040\000i\000n\000s\000t\000a\000b\000i\000l\000i\000t\000y}{}% 29
\BOOKMARK [1][-]{section.3.1}{\376\377\000T\000h\000e\000\040\000A\000F\000\040\000p\000h\000a\000s\000e\000\040\000a\000n\000d\000\040\000i\000t\000s\000\040\000s\000y\000m\000m\000e\000t\000r\000i\000e\000s}{chapter.3}% 30
\BOOKMARK [2][-]{subsection.3.1.1}{\376\377\000A\000n\000t\000i\000f\000e\000r\000r\000o\000m\000a\000g\000n\000e\000t\000i\000s\000m\000\040\000i\000n\000\040\000t\000h\000e\000\040\000H\000M}{section.3.1}% 31
\BOOKMARK [2][-]{subsection.3.1.2}{\376\377\000E\000x\000t\000e\000n\000s\000i\000o\000n\000\040\000t\000o\000\040\000t\000h\000e\000\040\000E\000H\000M}{section.3.1}% 32
\BOOKMARK [1][-]{section.3.2}{\376\377\000N\000o\000n\000-\000l\000o\000c\000a\000l\000\040\000H\000a\000r\000t\000r\000e\000e\000\040\000e\000f\000f\000e\000c\000t\000s\000:\000\040\000c\000h\000e\000m\000i\000c\000a\000l\000\040\000p\000o\000t\000e\000n\000t\000i\000a\000l\000\040\000r\000e\000n\000o\000r\000m\000a\000l\000i\000z\000a\000t\000i\000o\000n}{chapter.3}% 33
\BOOKMARK [2][-]{subsection.3.2.1}{\376\377\000H\000a\000r\000t\000r\000e\000e\000\040\000c\000h\000a\000n\000n\000e\000l\000\040\000i\000n\000\040\000t\000h\000e\000\040\000A\000F\000\040\000p\000h\000a\000s\000e\000:\000\040\000a\000n\000a\000l\000y\000t\000i\000c\000\040\000d\000e\000r\000i\000v\000a\000t\000i\000o\000n}{section.3.2}% 34
\BOOKMARK [2][-]{subsection.3.2.2}{\376\377\000H\000a\000r\000t\000r\000e\000e\000\040\000c\000o\000n\000t\000r\000a\000c\000t\000i\000o\000n\000\040\000e\000n\000e\000r\000g\000y}{section.3.2}% 35
\BOOKMARK [1][-]{section.3.3}{\376\377\000F\000o\000c\000k\000\040\000e\000f\000f\000e\000c\000t\000s\000:\000\040\000g\000a\000p\000\040\000a\000n\000d\000\040\000b\000a\000n\000d\000s\000\040\000r\000e\000n\000o\000r\000m\000a\000l\000i\000z\000a\000t\000i\000o\000n}{chapter.3}% 36
\BOOKMARK [2][-]{subsection.3.3.1}{\376\377\000F\000o\000c\000k\000\040\000c\000h\000a\000n\000n\000e\000l\000\040\000i\000n\000\040\000t\000h\000e\000\040\000A\000F\000\040\000p\000h\000a\000s\000e\000:\000\040\000a\000n\000a\000l\000y\000t\000i\000c\000\040\000d\000e\000r\000i\000v\000a\000t\000i\000o\000n}{section.3.3}% 37
\BOOKMARK [2][-]{subsection.3.3.2}{\376\377\000F\000o\000c\000k\000\040\000c\000o\000n\000t\000r\000a\000c\000t\000i\000o\000n\000\040\000e\000n\000e\000r\000g\000y}{section.3.3}% 38
\BOOKMARK [1][-]{section.3.4}{\376\377\000F\000u\000l\000l\000\040\000M\000F\000T\000\040\000h\000a\000m\000i\000l\000t\000o\000n\000i\000a\000n\000\040\000a\000n\000d\000\040\000g\000a\000p\000\040\000c\000o\000m\000p\000l\000e\000x\000i\000f\000i\000c\000a\000t\000i\000o\000n}{chapter.3}% 39
\BOOKMARK [2][-]{subsection.3.4.1}{\376\377\000T\000h\000e\000\040\000r\000e\000l\000a\000t\000i\000v\000e\000\040\000p\000h\000a\000s\000e\000\040\000i\000n\000\040\000t\000h\000e\000\040\000z\000e\000r\000o\000\040\000t\000e\000m\000p\000e\000r\000a\000t\000u\000r\000e\000\040\000h\000a\000l\000f\000-\000f\000i\000l\000l\000e\000d\000\040\000g\000r\000o\000u\000n\000d\000\040\000s\000t\000a\000t\000e}{section.3.4}% 40
\BOOKMARK [2][-]{subsection.3.4.2}{\376\377\000A\000F\000\040\000p\000h\000a\000s\000e\000\040\000f\000l\000a\000v\000o\000u\000r\000s\000\040\000a\000n\000d\000\040\000s\000p\000i\000n\000\040\000d\000e\000g\000e\000n\000e\000r\000a\000c\000y}{section.3.4}% 41
\BOOKMARK [1][-]{section.3.5}{\376\377\000S\000t\000a\000b\000i\000l\000i\000t\000y\000\040\000o\000f\000\040\000t\000h\000e\000\040\000A\000F\000\040\000p\000h\000a\000s\000e}{chapter.3}% 42
\BOOKMARK [1][-]{section.3.6}{\376\377\000A\000F\000\040\000f\000r\000e\000e\000\040\000e\000n\000e\000r\000g\000y\000\040\000d\000e\000n\000s\000i\000t\000y}{chapter.3}% 43
\BOOKMARK [1][-]{section.3.7}{\376\377\000N\000u\000m\000e\000r\000i\000c\000a\000l\000\040\000s\000i\000m\000u\000l\000a\000t\000i\000o\000n\000s}{chapter.3}% 44
\BOOKMARK [2][-]{subsection.3.7.1}{\376\377\000H\000F\000\040\000i\000t\000e\000r\000a\000t\000i\000v\000e\000\040\000a\000l\000g\000o\000r\000i\000t\000h\000m\000\040\000s\000k\000e\000t\000c\000h}{section.3.7}% 45
\BOOKMARK [0][-]{chapter.4}{\376\377\000S\000u\000p\000e\000r\000c\000o\000n\000d\000u\000c\000t\000i\000n\000g\000\040\000i\000n\000s\000t\000a\000b\000i\000l\000i\000t\000y}{}% 46
\BOOKMARK [1][-]{section.4.1}{\376\377\000T\000h\000e\000\040\000S\000C\000\040\000p\000h\000a\000s\000e\000\040\000a\000n\000d\000\040\000i\000t\000s\000\040\000s\000y\000m\000m\000e\000t\000r\000i\000e\000s}{chapter.4}% 47
\BOOKMARK [2][-]{subsection.4.1.1}{\376\377\000S\000u\000p\000e\000r\000c\000o\000n\000d\000u\000c\000t\000i\000v\000i\000t\000y\000\040\000i\000n\000\040\000t\000h\000e\000\040\000H\000M}{section.4.1}% 48
\BOOKMARK [2][-]{subsection.4.1.2}{\376\377\000E\000x\000t\000e\000n\000s\000i\000o\000n\000\040\000t\000o\000\040\000t\000h\000e\000\040\000E\000H\000M}{section.4.1}% 49
\BOOKMARK [1][-]{section.4.2}{\376\377\000N\000o\000n\000-\000l\000o\000c\000a\000l\000\040\000H\000a\000r\000t\000r\000e\000e\000\040\000e\000f\000f\000e\000c\000t\000s\000:\000\040\000c\000h\000e\000m\000i\000c\000a\000l\000\040\000p\000o\000t\000e\000n\000t\000i\000a\000l\000\040\000r\000e\000n\000o\000r\000m\000a\000l\000i\000z\000a\000t\000i\000o\000n}{chapter.4}% 50
\BOOKMARK [2][-]{subsection.4.2.1}{\376\377\000H\000a\000r\000t\000r\000e\000e\000\040\000c\000h\000a\000n\000n\000e\000l\000\040\000i\000n\000\040\000t\000h\000e\000\040\000S\000C\000\040\000p\000h\000a\000s\000e\000:\000\040\000a\000n\000a\000l\000y\000t\000i\000c\000\040\000d\000e\000r\000i\000v\000a\000t\000i\000o\000n}{section.4.2}% 51
\BOOKMARK [2][-]{subsection.4.2.2}{\376\377\000H\000a\000r\000t\000r\000e\000e\000\040\000c\000o\000n\000t\000r\000a\000c\000t\000i\000o\000n\000\040\000e\000n\000e\000r\000g\000y}{section.4.2}% 52
\BOOKMARK [1][-]{section.4.3}{\376\377\000F\000o\000c\000k\000\040\000e\000f\000f\000e\000c\000t\000s\000:\000\040\000b\000a\000r\000e\000\040\000b\000a\000n\000d\000s\000\040\000r\000e\000n\000o\000r\000m\000a\000l\000i\000z\000a\000t\000i\000o\000n}{chapter.4}% 53
\BOOKMARK [2][-]{subsection.4.3.1}{\376\377\000F\000o\000c\000k\000\040\000c\000h\000a\000n\000n\000e\000l\000\040\000i\000n\000\040\000t\000h\000e\000\040\000S\000C\000\040\000p\000h\000a\000s\000e\000:\000\040\000a\000n\000a\000l\000y\000t\000i\000c\000\040\000d\000e\000r\000i\000v\000a\000t\000i\000o\000n}{section.4.3}% 54
\BOOKMARK [2][-]{subsection.4.3.2}{\376\377\000F\000o\000c\000k\000\040\000c\000o\000n\000t\000r\000a\000c\000t\000i\000o\000n\000\040\000e\000n\000e\000r\000g\000y}{section.4.3}% 55
\BOOKMARK [1][-]{section.4.4}{\376\377\000C\000o\000o\000p\000e\000r\000\040\000e\000f\000f\000e\000c\000t\000s\000:\000\040\000a\000n\000i\000s\000o\000t\000r\000o\000p\000i\000c\000\040\000p\000a\000i\000r\000i\000n\000g}{chapter.4}% 56
\BOOKMARK [2][-]{subsection.4.4.1}{\376\377\000C\000o\000o\000p\000e\000r\000\040\000o\000.\000s\000.\000\040\000c\000h\000a\000n\000n\000e\000l\000\040\000i\000n\000\040\000t\000h\000e\000\040\000S\000C\000\040\000p\000h\000a\000s\000e\000:\000\040\000a\000n\000a\000l\000y\000t\000i\000c\000\040\000d\000e\000r\000i\000v\000a\000t\000i\000o\000n}{section.4.4}% 57
\BOOKMARK [2][-]{subsection.4.4.2}{\376\377\000C\000o\000o\000p\000e\000r\000\040\000o\000.\000s\000.\000\040\000c\000o\000n\000t\000r\000a\000c\000t\000i\000o\000n\000\040\000e\000n\000e\000r\000g\000y}{section.4.4}% 58
\BOOKMARK [2][-]{subsection.4.4.3}{\376\377\000C\000o\000o\000p\000e\000r\000\040\000s\000.\000s\000.\000\040\000c\000h\000a\000n\000n\000e\000l\000\040\000i\000n\000\040\000t\000h\000e\000\040\000S\000C\000\040\000p\000h\000a\000s\000e\000:\000\040\000a\000n\000a\000l\000y\000t\000i\000c\000a\000l\000\040\000c\000o\000n\000s\000i\000d\000e\000r\000a\000t\000i\000o\000n\000s}{section.4.4}% 59
\BOOKMARK [1][-]{section.4.5}{\376\377\000F\000u\000l\000l\000\040\000M\000F\000T\000\040\000h\000a\000m\000i\000l\000t\000o\000n\000i\000a\000n\000\040\000a\000n\000d\000\040\000a\000n\000i\000s\000o\000t\000r\000o\000p\000i\000c\000\040\000p\000a\000i\000r\000i\000n\000g}{chapter.4}% 60
\BOOKMARK [2][-]{subsection.4.5.1}{\376\377\000T\000h\000e\000\040\000r\000e\000l\000a\000t\000i\000v\000e\000\040\000p\000h\000a\000s\000e\000\040\000i\000n\000\040\000t\000h\000e\000\040\000z\000e\000r\000o\000\040\000t\000e\000m\000p\000e\000r\000a\000t\000u\000r\000e\000\040\000h\000a\000l\000f\000-\000f\000i\000l\000l\000e\000d\000\040\000g\000r\000o\000u\000n\000d\000\040\000s\000t\000a\000t\000e}{section.4.5}% 61
\BOOKMARK [1][-]{section.4.6}{\376\377\000S\000C\000\040\000f\000r\000e\000e\000\040\000e\000n\000e\000r\000g\000y\000\040\000d\000e\000n\000s\000i\000t\000y}{chapter.4}% 62
\BOOKMARK [1][-]{section.4.7}{\376\377\000N\000u\000m\000e\000r\000i\000c\000a\000l\000\040\000s\000i\000m\000u\000l\000a\000t\000i\000o\000n\000s}{chapter.4}% 63
\BOOKMARK [2][-]{subsection.4.7.1}{\376\377\000H\000F\000\040\000i\000t\000e\000r\000a\000t\000i\000v\000e\000\040\000a\000l\000g\000o\000r\000i\000t\000h\000m\000\040\000s\000k\000e\000t\000c\000h}{section.4.7}% 64
\BOOKMARK [0][-]{appendix.A}{\376\377\000S\000u\000p\000e\000r\000e\000x\000c\000h\000a\000n\000g\000e\000\040\000a\000n\000d\000\040\000v\000i\000r\000t\000u\000a\000l\000\040\000h\000o\000p\000p\000i\000n\000g\000\040\000i\000n\000\040\000H\000u\000b\000b\000a\000r\000d\000\040\000l\000a\000t\000t\000i\000c\000e\000s}{}% 65
\BOOKMARK [1][-]{section.A.1}{\376\377\000V\000i\000r\000t\000u\000a\000l\000\040\000h\000o\000p\000p\000i\000n\000g\000\040\000i\000n\000\040\000t\000h\000e\000\040\0002\000-\000s\000i\000t\000e\000s\000\040\000H\000u\000b\000b\000a\000r\000d\000\040\000l\000a\000t\000t\000i\000c\000e}{appendix.A}% 66
\BOOKMARK [2][-]{subsection.A.1.1}{\376\377\000E\000x\000a\000c\000t\000\040\000s\000o\000l\000u\000t\000i\000o\000n\000\040\000o\000f\000\040\000t\000h\000e\000\040\000h\000a\000l\000f\000-\000f\000i\000l\000l\000e\000d\000\040\000m\000o\000d\000e\000l}{section.A.1}% 67
\BOOKMARK [2][-]{subsection.A.1.2}{\376\377\000V\000i\000r\000t\000u\000a\000l\000\040\000h\000o\000p\000p\000i\000n\000g}{section.A.1}% 68
\BOOKMARK [0][-]{appendix.B}{\376\377\000M\000e\000a\000n\000-\000F\000i\000e\000l\000d\000\040\000T\000h\000e\000o\000r\000y\000\040\000i\000n\000\040\000H\000u\000b\000b\000a\000r\000d\000\040\000l\000a\000t\000t\000i\000c\000e\000s}{}% 69
\BOOKMARK [1][-]{section.B.1}{\376\377\000A\000n\000t\000i\000f\000e\000r\000r\000o\000m\000a\000g\000n\000e\000t\000i\000c\000\040\000p\000h\000a\000s\000e}{appendix.B}% 70
\BOOKMARK [2][-]{subsection.B.1.1}{\376\377\000M\000F\000T\000\040\000t\000r\000e\000a\000t\000m\000e\000n\000t\000\040\000o\000f\000\040\000t\000h\000e\000\040\000H\000a\000r\000t\000r\000e\000e\000\040\000c\000h\000a\000n\000n\000e\000l}{section.B.1}% 71
\BOOKMARK [2][-]{subsection.B.1.2}{\376\377\000N\000a\000m\000b\000u\000\040\000r\000e\000p\000r\000e\000s\000e\000n\000t\000a\000t\000i\000o\000n\000\040\000o\000f\000\040\000t\000h\000e\000\040\000A\000F\000\040\000p\000h\000a\000s\000e\000\040\000a\000n\000d\000\040\000d\000i\000a\000g\000o\000n\000a\000l\000i\000z\000a\000t\000i\000o\000n}{section.B.1}% 72
\BOOKMARK [2][-]{subsection.B.1.3}{\376\377\000E\000x\000p\000l\000i\000c\000i\000t\000\040\000z\000e\000r\000o\000-\000t\000e\000m\000p\000e\000r\000a\000t\000u\000r\000e\000\040\000A\000F\000\040\000g\000r\000o\000u\000n\000d\000\040\000s\000t\000a\000t\000e\000\040\000a\000t\000\040\000h\000a\000l\000f\000-\000f\000i\000l\000l\000i\000n\000g}{section.B.1}% 73
\BOOKMARK [2][-]{subsection.B.1.4}{\376\377\000S\000p\000i\000n\000\040\000d\000e\000g\000e\000n\000e\000r\000a\000c\000y\000\040\000r\000e\000m\000o\000v\000a\000l}{section.B.1}% 74
\BOOKMARK [2][-]{subsection.B.1.5}{\376\377\000C\000h\000e\000m\000i\000c\000a\000l\000\040\000p\000o\000t\000e\000n\000t\000i\000a\000l\000\040\000a\000n\000d\000\040\000s\000y\000s\000t\000e\000m\000\040\000d\000e\000n\000s\000i\000t\000y}{section.B.1}% 75
\BOOKMARK [2][-]{subsection.B.1.6}{\376\377\000S\000e\000l\000f\000-\000c\000o\000n\000s\000i\000s\000t\000e\000n\000c\000y\000\040\000g\000a\000p\000\040\000e\000q\000u\000a\000t\000i\000o\000n\000\040\000a\000n\000d\000\040\000m\000a\000g\000n\000e\000t\000i\000z\000a\000t\000i\000o\000n}{section.B.1}% 76
\BOOKMARK [2][-]{subsection.B.1.7}{\376\377\000I\000n\000s\000t\000a\000b\000i\000l\000i\000t\000y\000\040\000o\000f\000\040\000t\000h\000e\000\040\000c\000o\000m\000m\000e\000n\000s\000u\000r\000a\000t\000e\000\040\000A\000F\000\040\000s\000o\000l\000u\000t\000i\000o\000n\000\040\000a\000n\000d\000\040\000a\000t\000y\000p\000i\000c\000a\000l\000\040\000m\000e\000t\000a\000l\000l\000i\000c\000\040\000b\000a\000n\000d\000s}{section.B.1}% 77
\BOOKMARK [2][-]{subsection.B.1.8}{\376\377\000H\000a\000r\000t\000r\000e\000e\000-\000F\000o\000c\000k\000\040\000a\000l\000g\000o\000r\000i\000t\000h\000m\000\040\000r\000e\000s\000u\000l\000t\000s\000\040\000i\000n\000\040\000r\000e\000c\000i\000p\000r\000o\000c\000a\000l\000\040\000s\000p\000a\000c\000e}{section.B.1}% 78
\BOOKMARK [1][-]{section.B.2}{\376\377\000\050\000I\000m\000p\000o\000s\000s\000i\000b\000i\000l\000i\000t\000y\000\040\000o\000f\000\040\000a\000\040\000s\000t\000a\000b\000l\000e\000\051\000\040\000s\000u\000p\000e\000r\000c\000o\000n\000d\000u\000c\000t\000i\000n\000g\000\040\000p\000h\000a\000s\000e}{appendix.B}% 79
\BOOKMARK [2][-]{subsection.B.2.1}{\376\377\000M\000F\000T\000\040\000t\000r\000e\000a\000t\000m\000e\000n\000t\000\040\000o\000f\000\040\000t\000h\000e\000\040\000H\000a\000r\000t\000r\000e\000e\000\040\000c\000h\000a\000n\000n\000e\000l}{section.B.2}% 80
\BOOKMARK [2][-]{subsection.B.2.2}{\376\377\000M\000F\000T\000\040\000t\000r\000e\000a\000t\000m\000e\000n\000t\000\040\000o\000f\000\040\000t\000h\000e\000\040\000C\000o\000o\000p\000e\000r\000\040\000c\000h\000a\000n\000n\000e\000l}{section.B.2}% 81
\BOOKMARK [2][-]{subsection.B.2.3}{\376\377\000N\000a\000m\000b\000u\000\040\000r\000e\000p\000r\000e\000s\000e\000n\000t\000a\000t\000i\000o\000n\000\040\000o\000f\000\040\000t\000h\000e\000\040\000S\000C\000\040\000p\000h\000a\000s\000e\000\040\000a\000n\000d\000\040\000d\000i\000a\000g\000o\000n\000a\000l\000i\000z\000a\000t\000i\000o\000n}{section.B.2}% 82
\BOOKMARK [2][-]{subsection.B.2.4}{\376\377\000E\000x\000p\000l\000i\000c\000i\000t\000\040\000z\000e\000r\000o\000-\000t\000e\000m\000p\000e\000r\000a\000t\000u\000r\000e\000\040\000S\000C\000\040\000g\000r\000o\000u\000n\000d\000\040\000s\000t\000a\000t\000e\000\040\000a\000t\000\040\000h\000a\000l\000f\000-\000f\000i\000l\000l\000i\000n\000g}{section.B.2}% 83
\BOOKMARK [2][-]{subsection.B.2.5}{\376\377\000S\000u\000p\000e\000r\000c\000o\000n\000d\000u\000c\000t\000i\000n\000g\000\040\000f\000l\000u\000c\000t\000u\000a\000t\000i\000o\000n\000s\000\040\000s\000u\000p\000p\000r\000e\000s\000s\000i\000o\000n\000\040\000i\000n\000\040\000t\000h\000e\000\040\000c\000o\000n\000v\000e\000n\000t\000i\000o\000n\000a\000l\000\040\000H\000M}{section.B.2}% 84
